<?xml version="1.0" encoding="UTF-8"?>
<!-- Generated by org.testng.reporters.JUnitReportReporter -->
<testsuite ignored="0" hostname="nihal" failures="0" tests="1" name="base.Testbase" time="48.025" errors="0" timestamp="20 Jul 2023 17:04:16 GMT" skipped="0">
  <testcase classname="base.Testbase" name="loaddriver" time="48.025"/>
</testsuite> <!-- base.Testbase -->
