<?xml version="1.0" encoding="UTF-8"?>
<!-- Generated by org.testng.reporters.JUnitReportReporter -->
<testsuite ignored="0" hostname="nihal" failures="0" tests="1" name="Test.ProductsPageTest" time="0.063" errors="0" timestamp="06 Aug 2023 06:27:31 GMT" skipped="0">
  <testcase classname="Test.ProductsPageTest" name="verify_Productspage" time="0.063"/>
</testsuite> <!-- Test.ProductsPageTest -->
